<?xml version="1.0" encoding="UTF-8"?>
<testsuite name="HU-001 Buscar productos en gwbicycles" tests="1" skipped="0" failures="0" errors="0" timestamp="2021-12-08T21:52:49" hostname="PO-5457-X5G63" time="14.799">
  <properties/>
  <testcase name="Buscar productos" classname="HU-001 Buscar productos en gwbicycles" time="14.799"/>
  <system-out><![CDATA[Shorts Leisure 
Camisilla Interior Spider 
Pantaloneta Plug Sport Sin Cargaderas 
Medias Colombia 
Chaqueta Camo Reflective 
]]></system-out>
  <system-err><![CDATA[Starting ChromeDriver 96.0.4664.45 (76e4c1bb2ab4671b8beba3444e61c0f17584b2fc-refs/branch-heads/4664@{#947}) on port 39635
Only local connections are allowed.
Please see https://chromedriver.chromium.org/security-considerations for suggestions on keeping ChromeDriver safe.
ChromeDriver was started successfully.
dic 08, 2021 4:52:52 PM org.openqa.selenium.remote.ProtocolHandshake createSession
INFORMACIÓN: Detected dialect: W3C
[Test worker] INFO net.thucydides.core.steps.ConsoleLoggingListener - 
        __    _____ _____ ____ _____   ____   _    ____  ____  _____ ____  
  _     \ \  |_   _| ____/ ___|_   _| |  _ \ / \  / ___|/ ___|| ____|  _ \ 
 (_)_____| |   | | |  _| \___ \ | |   | |_) / _ \ \___ \\___ \|  _| | | | |
  _|_____| |   | | | |___ ___) || |   |  __/ ___ \ ___) |___) | |___| |_| |
 (_)     | |   |_| |_____|____/ |_|   |_| /_/   \_\____/|____/|_____|____/ 
        /_/                                                                

TEST PASSED: Buscar productos
----------------------------------------------------------------------------
]]></system-err>
</testsuite>
